0 verbose cli C:\Program Files\nodejs\node.exe C:\Users\hp\AppData\Roaming\npm\node_modules\npm\bin\npm-cli.js
1 info using npm@11.5.1
2 info using node@v22.16.0
3 silly config load:file:C:\Users\hp\AppData\Roaming\npm\node_modules\npm\npmrc
4 silly config load:file:C:\Users\hp\Desktop\Web-dev\mongoose\.npmrc
5 silly config load:file:C:\Users\hp\.npmrc
6 silly config load:file:C:\Users\hp\AppData\Roaming\npm\etc\npmrc
7 verbose title npm install mongoose
8 verbose argv "install" "mongoose"
9 verbose logfile logs-max:10 dir:C:\Users\hp\Desktop\Web-dev\mongoose\UsershpAppDataLocalTempnpm-cache\_logs\2025-08-19T13_23_34_682Z-
10 verbose logfile C:\Users\hp\Desktop\Web-dev\mongoose\UsershpAppDataLocalTempnpm-cache\_logs\2025-08-19T13_23_34_682Z-debug-0.log
11 silly logfile done cleaning log files
12 silly packumentCache heap:2197815296 maxSize:549453824 maxEntrySize:274726912
13 silly idealTree buildDeps
14 silly fetch manifest mongoose@*
15 silly packumentCache full:https://registry.npmjs.org/mongoose cache-miss
16 http fetch GET 200 https://registry.npmjs.org/npm 923ms
17 http fetch GET 200 https://registry.npmjs.org/mongoose 979ms (cache miss)
18 silly packumentCache full:https://registry.npmjs.org/mongoose set size:undefined disposed:false
19 silly placeDep ROOT mongoose@8.17.2 OK for:  want: *
20 silly fetch manifest bson@^6.10.4
21 silly packumentCache full:https://registry.npmjs.org/bson cache-miss
22 silly fetch manifest kareem@2.6.3
23 silly packumentCache full:https://registry.npmjs.org/kareem cache-miss
24 silly fetch manifest mongodb@~6.18.0
25 silly packumentCache full:https://registry.npmjs.org/mongodb cache-miss
26 silly fetch manifest mpath@0.9.0
27 silly packumentCache full:https://registry.npmjs.org/mpath cache-miss
28 silly fetch manifest mquery@5.0.0
29 silly packumentCache full:https://registry.npmjs.org/mquery cache-miss
30 silly fetch manifest ms@2.1.3
31 silly packumentCache full:https://registry.npmjs.org/ms cache-miss
32 silly fetch manifest sift@17.1.3
33 silly packumentCache full:https://registry.npmjs.org/sift cache-miss
34 http fetch GET 200 https://registry.npmjs.org/kareem 215ms (cache miss)
35 silly packumentCache full:https://registry.npmjs.org/kareem set size:undefined disposed:false
36 http fetch GET 200 https://registry.npmjs.org/bson 327ms (cache miss)
37 silly packumentCache full:https://registry.npmjs.org/bson set size:undefined disposed:false
38 http fetch GET 200 https://registry.npmjs.org/ms 402ms (cache miss)
39 silly packumentCache full:https://registry.npmjs.org/ms set size:undefined disposed:false
40 http fetch GET 200 https://registry.npmjs.org/mquery 431ms (cache miss)
41 silly packumentCache full:https://registry.npmjs.org/mquery set size:undefined disposed:false
42 http fetch GET 200 https://registry.npmjs.org/mpath 551ms (cache miss)
43 silly packumentCache full:https://registry.npmjs.org/mpath set size:undefined disposed:false
44 http fetch GET 200 https://registry.npmjs.org/sift 777ms (cache miss)
45 silly packumentCache full:https://registry.npmjs.org/sift set size:undefined disposed:false
46 http fetch GET 200 https://registry.npmjs.org/mongodb 903ms (cache miss)
47 silly packumentCache full:https://registry.npmjs.org/mongodb set size:undefined disposed:false
48 silly fetch manifest @aws-sdk/credential-providers@^3.188.0
49 silly packumentCache full:https://registry.npmjs.org/@aws-sdk%2fcredential-providers cache-miss
50 http fetch GET 200 https://registry.npmjs.org/@aws-sdk%2fcredential-providers 403ms (cache miss)
51 silly packumentCache full:https://registry.npmjs.org/@aws-sdk%2fcredential-providers set size:undefined disposed:false
52 silly fetch manifest @mongodb-js/zstd@^1.1.0 || ^2.0.0
53 silly packumentCache full:https://registry.npmjs.org/@mongodb-js%2fzstd cache-miss
54 http fetch GET 200 https://registry.npmjs.org/@mongodb-js%2fzstd 129ms (cache miss)
55 silly packumentCache full:https://registry.npmjs.org/@mongodb-js%2fzstd set size:undefined disposed:false
56 silly fetch manifest gcp-metadata@^5.2.0
57 silly packumentCache full:https://registry.npmjs.org/gcp-metadata cache-miss
58 http fetch GET 200 https://registry.npmjs.org/gcp-metadata 111ms (cache miss)
59 silly packumentCache full:https://registry.npmjs.org/gcp-metadata set size:undefined disposed:false
60 silly fetch manifest kerberos@^2.0.1
61 silly packumentCache full:https://registry.npmjs.org/kerberos cache-miss
62 http fetch GET 200 https://registry.npmjs.org/kerberos 124ms (cache miss)
63 silly packumentCache full:https://registry.npmjs.org/kerberos set size:undefined disposed:false
64 silly fetch manifest mongodb-client-encryption@>=6.0.0 <7
65 silly packumentCache full:https://registry.npmjs.org/mongodb-client-encryption cache-miss
66 http fetch GET 200 https://registry.npmjs.org/mongodb-client-encryption 133ms (cache miss)
67 silly packumentCache full:https://registry.npmjs.org/mongodb-client-encryption set size:undefined disposed:false
68 silly fetch manifest snappy@^7.2.2
69 silly packumentCache full:https://registry.npmjs.org/snappy cache-miss
70 http fetch GET 200 https://registry.npmjs.org/snappy 150ms (cache miss)
71 silly packumentCache full:https://registry.npmjs.org/snappy set size:undefined disposed:false
72 silly fetch manifest socks@^2.7.1
73 silly packumentCache full:https://registry.npmjs.org/socks cache-miss
74 http fetch GET 200 https://registry.npmjs.org/socks 97ms (cache miss)
75 silly packumentCache full:https://registry.npmjs.org/socks set size:undefined disposed:false
76 silly placeDep ROOT bson@6.10.4 OK for: mongoose@8.17.2 want: ^6.10.4
77 silly placeDep ROOT kareem@2.6.3 OK for: mongoose@8.17.2 want: 2.6.3
78 silly placeDep ROOT mongodb@6.18.0 OK for: mongoose@8.17.2 want: ~6.18.0
79 silly placeDep ROOT mpath@0.9.0 OK for: mongoose@8.17.2 want: 0.9.0
80 silly placeDep ROOT mquery@5.0.0 OK for: mongoose@8.17.2 want: 5.0.0
81 silly placeDep ROOT ms@2.1.3 OK for: mongoose@8.17.2 want: 2.1.3
82 silly placeDep ROOT sift@17.1.3 OK for: mongoose@8.17.2 want: 17.1.3
83 silly fetch manifest @mongodb-js/saslprep@^1.1.9
84 silly packumentCache full:https://registry.npmjs.org/@mongodb-js%2fsaslprep cache-miss
85 silly fetch manifest mongodb-connection-string-url@^3.0.0
86 silly packumentCache full:https://registry.npmjs.org/mongodb-connection-string-url cache-miss
87 silly fetch manifest debug@4.x
88 silly packumentCache full:https://registry.npmjs.org/debug cache-miss
89 http fetch GET 200 https://registry.npmjs.org/debug 145ms (cache miss)
90 silly packumentCache full:https://registry.npmjs.org/debug set size:undefined disposed:false
91 http fetch GET 200 https://registry.npmjs.org/mongodb-connection-string-url 177ms (cache miss)
92 silly packumentCache full:https://registry.npmjs.org/mongodb-connection-string-url set size:undefined disposed:false
93 http fetch GET 200 https://registry.npmjs.org/@mongodb-js%2fsaslprep 874ms (cache miss)
94 silly packumentCache full:https://registry.npmjs.org/@mongodb-js%2fsaslprep set size:undefined disposed:false
95 silly placeDep ROOT @mongodb-js/saslprep@1.3.0 OK for: mongodb@6.18.0 want: ^1.1.9
96 silly placeDep ROOT mongodb-connection-string-url@3.0.2 OK for: mongodb@6.18.0 want: ^3.0.0
97 silly fetch manifest sparse-bitfield@^3.0.3
98 silly packumentCache full:https://registry.npmjs.org/sparse-bitfield cache-miss
99 silly fetch manifest whatwg-url@^14.1.0 || ^13.0.0
100 silly packumentCache full:https://registry.npmjs.org/whatwg-url cache-miss
101 silly fetch manifest @types/whatwg-url@^11.0.2
102 silly packumentCache full:https://registry.npmjs.org/@types%2fwhatwg-url cache-miss
103 http fetch GET 200 https://registry.npmjs.org/@types%2fwhatwg-url 120ms (cache miss)
104 silly packumentCache full:https://registry.npmjs.org/@types%2fwhatwg-url set size:undefined disposed:false
105 http fetch GET 200 https://registry.npmjs.org/sparse-bitfield 132ms (cache miss)
106 silly packumentCache full:https://registry.npmjs.org/sparse-bitfield set size:undefined disposed:false
107 http fetch GET 200 https://registry.npmjs.org/whatwg-url 154ms (cache miss)
108 silly packumentCache full:https://registry.npmjs.org/whatwg-url set size:undefined disposed:false
109 silly placeDep ROOT sparse-bitfield@3.0.3 OK for: @mongodb-js/saslprep@1.3.0 want: ^3.0.3
110 silly fetch manifest memory-pager@^1.0.2
111 silly packumentCache full:https://registry.npmjs.org/memory-pager cache-miss
112 http fetch GET 200 https://registry.npmjs.org/memory-pager 83ms (cache miss)
113 silly packumentCache full:https://registry.npmjs.org/memory-pager set size:undefined disposed:false
114 silly placeDep ROOT @types/whatwg-url@11.0.5 OK for: mongodb-connection-string-url@3.0.2 want: ^11.0.2
115 silly placeDep ROOT whatwg-url@14.2.0 OK for: mongodb-connection-string-url@3.0.2 want: ^14.1.0 || ^13.0.0
116 silly fetch manifest @types/webidl-conversions@*
117 silly packumentCache full:https://registry.npmjs.org/@types%2fwebidl-conversions cache-miss
118 silly fetch manifest tr46@^5.1.0
119 silly packumentCache full:https://registry.npmjs.org/tr46 cache-miss
120 silly fetch manifest webidl-conversions@^7.0.0
121 silly packumentCache full:https://registry.npmjs.org/webidl-conversions cache-miss
122 http fetch GET 200 https://registry.npmjs.org/@types%2fwebidl-conversions 127ms (cache miss)
123 silly packumentCache full:https://registry.npmjs.org/@types%2fwebidl-conversions set size:undefined disposed:false
124 http fetch GET 200 https://registry.npmjs.org/webidl-conversions 145ms (cache miss)
125 silly packumentCache full:https://registry.npmjs.org/webidl-conversions set size:undefined disposed:false
126 http fetch GET 200 https://registry.npmjs.org/tr46 152ms (cache miss)
127 silly packumentCache full:https://registry.npmjs.org/tr46 set size:undefined disposed:false
128 silly placeDep ROOT @types/webidl-conversions@7.0.3 OK for: @types/whatwg-url@11.0.5 want: *
129 silly placeDep ROOT debug@4.4.1 OK for: mquery@5.0.0 want: 4.x
130 silly placeDep ROOT memory-pager@1.5.0 OK for: sparse-bitfield@3.0.3 want: ^1.0.2
131 silly placeDep ROOT tr46@5.1.1 OK for: whatwg-url@14.2.0 want: ^5.1.0
132 silly placeDep ROOT webidl-conversions@7.0.0 OK for: whatwg-url@14.2.0 want: ^7.0.0
133 silly fetch manifest punycode@^2.3.1
134 silly packumentCache full:https://registry.npmjs.org/punycode cache-miss
135 http fetch GET 200 https://registry.npmjs.org/punycode 101ms (cache miss)
136 silly packumentCache full:https://registry.npmjs.org/punycode set size:undefined disposed:false
137 silly placeDep ROOT punycode@2.3.1 OK for: tr46@5.1.1 want: ^2.3.1
138 silly reify moves {}
139 http cache punycode@https://registry.npmjs.org/punycode/-/punycode-2.3.1.tgz 1ms (cache hit)
140 http cache webidl-conversions@https://registry.npmjs.org/webidl-conversions/-/webidl-conversions-7.0.0.tgz 0ms (cache hit)
141 http cache tr46@https://registry.npmjs.org/tr46/-/tr46-5.1.1.tgz 0ms (cache hit)
142 http cache memory-pager@https://registry.npmjs.org/memory-pager/-/memory-pager-1.5.0.tgz 0ms (cache hit)
143 http cache debug@https://registry.npmjs.org/debug/-/debug-4.4.1.tgz 0ms (cache hit)
144 http cache whatwg-url@https://registry.npmjs.org/whatwg-url/-/whatwg-url-14.2.0.tgz 0ms (cache hit)
145 http cache @types/webidl-conversions@https://registry.npmjs.org/@types/webidl-conversions/-/webidl-conversions-7.0.3.tgz 0ms (cache hit)
146 http cache @types/whatwg-url@https://registry.npmjs.org/@types/whatwg-url/-/whatwg-url-11.0.5.tgz 0ms (cache hit)
147 http cache sparse-bitfield@https://registry.npmjs.org/sparse-bitfield/-/sparse-bitfield-3.0.3.tgz 0ms (cache hit)
148 http cache @mongodb-js/saslprep@https://registry.npmjs.org/@mongodb-js/saslprep/-/saslprep-1.3.0.tgz 0ms (cache hit)
149 http cache sift@https://registry.npmjs.org/sift/-/sift-17.1.3.tgz 0ms (cache hit)
150 http cache mongodb-connection-string-url@https://registry.npmjs.org/mongodb-connection-string-url/-/mongodb-connection-string-url-3.0.2.tgz 0ms (cache hit)
151 http cache mquery@https://registry.npmjs.org/mquery/-/mquery-5.0.0.tgz 0ms (cache hit)
152 http cache ms@https://registry.npmjs.org/ms/-/ms-2.1.3.tgz 0ms (cache hit)
153 http cache mpath@https://registry.npmjs.org/mpath/-/mpath-0.9.0.tgz 0ms (cache hit)
154 http cache mongodb@https://registry.npmjs.org/mongodb/-/mongodb-6.18.0.tgz 0ms (cache hit)
155 silly tarball no local data for punycode@https://registry.npmjs.org/punycode/-/punycode-2.3.1.tgz. Extracting by manifest.
156 silly tarball no local data for webidl-conversions@https://registry.npmjs.org/webidl-conversions/-/webidl-conversions-7.0.0.tgz. Extracting by manifest.
157 silly tarball no local data for tr46@https://registry.npmjs.org/tr46/-/tr46-5.1.1.tgz. Extracting by manifest.
158 silly tarball no local data for memory-pager@https://registry.npmjs.org/memory-pager/-/memory-pager-1.5.0.tgz. Extracting by manifest.
159 silly tarball no local data for debug@https://registry.npmjs.org/debug/-/debug-4.4.1.tgz. Extracting by manifest.
160 silly tarball no local data for whatwg-url@https://registry.npmjs.org/whatwg-url/-/whatwg-url-14.2.0.tgz. Extracting by manifest.
161 silly tarball no local data for @types/webidl-conversions@https://registry.npmjs.org/@types/webidl-conversions/-/webidl-conversions-7.0.3.tgz. Extracting by manifest.
162 silly tarball no local data for @types/whatwg-url@https://registry.npmjs.org/@types/whatwg-url/-/whatwg-url-11.0.5.tgz. Extracting by manifest.
163 silly tarball no local data for sparse-bitfield@https://registry.npmjs.org/sparse-bitfield/-/sparse-bitfield-3.0.3.tgz. Extracting by manifest.
164 http cache kareem@https://registry.npmjs.org/kareem/-/kareem-2.6.3.tgz 0ms (cache hit)
165 http cache bson@https://registry.npmjs.org/bson/-/bson-6.10.4.tgz 0ms (cache hit)
166 silly tarball no local data for @mongodb-js/saslprep@https://registry.npmjs.org/@mongodb-js/saslprep/-/saslprep-1.3.0.tgz. Extracting by manifest.
167 silly tarball no local data for sift@https://registry.npmjs.org/sift/-/sift-17.1.3.tgz. Extracting by manifest.
168 http cache mongoose@https://registry.npmjs.org/mongoose/-/mongoose-8.17.2.tgz 0ms (cache hit)
169 silly tarball no local data for mongodb-connection-string-url@https://registry.npmjs.org/mongodb-connection-string-url/-/mongodb-connection-string-url-3.0.2.tgz. Extracting by manifest.
170 silly tarball no local data for mquery@https://registry.npmjs.org/mquery/-/mquery-5.0.0.tgz. Extracting by manifest.
171 silly tarball no local data for ms@https://registry.npmjs.org/ms/-/ms-2.1.3.tgz. Extracting by manifest.
172 silly tarball no local data for mpath@https://registry.npmjs.org/mpath/-/mpath-0.9.0.tgz. Extracting by manifest.
173 silly tarball no local data for mongodb@https://registry.npmjs.org/mongodb/-/mongodb-6.18.0.tgz. Extracting by manifest.
174 silly tarball no local data for kareem@https://registry.npmjs.org/kareem/-/kareem-2.6.3.tgz. Extracting by manifest.
175 silly tarball no local data for bson@https://registry.npmjs.org/bson/-/bson-6.10.4.tgz. Extracting by manifest.
176 silly tarball no local data for mongoose@https://registry.npmjs.org/mongoose/-/mongoose-8.17.2.tgz. Extracting by manifest.
177 http fetch GET 200 https://registry.npmjs.org/debug/-/debug-4.4.1.tgz 307ms (cache miss)
178 http fetch GET 200 https://registry.npmjs.org/memory-pager/-/memory-pager-1.5.0.tgz 316ms (cache miss)
179 http fetch GET 200 https://registry.npmjs.org/webidl-conversions/-/webidl-conversions-7.0.0.tgz 321ms (cache miss)
180 http fetch GET 200 https://registry.npmjs.org/punycode/-/punycode-2.3.1.tgz 327ms (cache miss)
181 http fetch GET 200 https://registry.npmjs.org/@types/webidl-conversions/-/webidl-conversions-7.0.3.tgz 320ms (cache miss)
182 http fetch GET 200 https://registry.npmjs.org/tr46/-/tr46-5.1.1.tgz 350ms (cache miss)
183 http fetch GET 200 https://registry.npmjs.org/kareem/-/kareem-2.6.3.tgz 353ms (cache miss)
184 http fetch GET 200 https://registry.npmjs.org/whatwg-url/-/whatwg-url-14.2.0.tgz 379ms (cache miss)
185 http fetch GET 200 https://registry.npmjs.org/mquery/-/mquery-5.0.0.tgz 502ms (cache miss)
186 http fetch GET 200 https://registry.npmjs.org/ms/-/ms-2.1.3.tgz 550ms (cache miss)
187 http fetch GET 200 https://registry.npmjs.org/sparse-bitfield/-/sparse-bitfield-3.0.3.tgz 561ms (cache miss)
188 http fetch GET 200 https://registry.npmjs.org/mongodb-connection-string-url/-/mongodb-connection-string-url-3.0.2.tgz 591ms (cache miss)
189 http fetch GET 200 https://registry.npmjs.org/mpath/-/mpath-0.9.0.tgz 597ms (cache miss)
190 http fetch GET 200 https://registry.npmjs.org/@types/whatwg-url/-/whatwg-url-11.0.5.tgz 635ms (cache miss)
191 http fetch GET 200 https://registry.npmjs.org/@mongodb-js/saslprep/-/saslprep-1.3.0.tgz 707ms (cache miss)
192 http fetch GET 200 https://registry.npmjs.org/sift/-/sift-17.1.3.tgz 1046ms (cache miss)
193 http fetch GET 200 https://registry.npmjs.org/mongoose/-/mongoose-8.17.2.tgz 1935ms (cache miss)
194 http fetch GET 200 https://registry.npmjs.org/bson/-/bson-6.10.4.tgz 2119ms (cache miss)
195 http fetch GET 200 https://registry.npmjs.org/mongodb/-/mongodb-6.18.0.tgz 2279ms (cache miss)
196 silly ADD node_modules/punycode
197 silly ADD node_modules/webidl-conversions
198 silly ADD node_modules/tr46
199 silly ADD node_modules/memory-pager
200 silly ADD node_modules/debug
201 silly ADD node_modules/@types/webidl-conversions
202 silly ADD node_modules/whatwg-url
203 silly ADD node_modules/@types/whatwg-url
204 silly ADD node_modules/sparse-bitfield
205 silly ADD node_modules/mongodb-connection-string-url
206 silly ADD node_modules/@mongodb-js/saslprep
207 silly ADD node_modules/sift
208 silly ADD node_modules/ms
209 silly ADD node_modules/mquery
210 silly ADD node_modules/mpath
211 silly ADD node_modules/mongodb
212 silly ADD node_modules/kareem
213 silly ADD node_modules/bson
214 silly ADD node_modules/mongoose
215 verbose cwd C:\Users\hp\Desktop\Web-dev\mongoose
216 verbose os Windows_NT 10.0.26100
217 verbose node v22.16.0
218 verbose npm  v11.5.1
219 notice
219 notice New [36mpatch[39m version of npm available! [36m11.5.1[39m -> [34m11.5.2[39m
219 notice Changelog: [34mhttps://github.com/npm/cli/releases/tag/v11.5.2[39m
219 notice To update run: [4mnpm install -g npm@11.5.2[24m
219 notice  { force: true, [Symbol(proc-log.meta)]: true }
220 verbose exit 0
221 info ok
