0 verbose cli C:\Program Files\nodejs\node.exe C:\Users\hp\AppData\Roaming\npm\node_modules\npm\bin\npm-cli.js
1 info using npm@11.5.1
2 info using node@v22.16.0
3 silly config load:file:C:\Users\hp\AppData\Roaming\npm\node_modules\npm\npmrc
4 silly config load:file:C:\Users\hp\Desktop\Web-dev\mongoose\.npmrc
5 silly config load:file:C:\Users\hp\.npmrc
6 silly config load:file:C:\Users\hp\AppData\Roaming\npm\etc\npmrc
7 verbose title npm install dotenv
8 verbose argv "install" "dotenv"
9 verbose logfile logs-max:10 dir:C:\Users\hp\Desktop\Web-dev\mongoose\UsershpAppDataLocalTempnpm-cache\_logs\2025-08-19T13_49_32_106Z-
10 verbose logfile C:\Users\hp\Desktop\Web-dev\mongoose\UsershpAppDataLocalTempnpm-cache\_logs\2025-08-19T13_49_32_106Z-debug-0.log
11 silly logfile done cleaning log files
12 silly packumentCache heap:2197815296 maxSize:549453824 maxEntrySize:274726912
13 silly idealTree buildDeps
14 silly fetch manifest dotenv@*
15 silly packumentCache full:https://registry.npmjs.org/dotenv cache-miss
16 http fetch GET 200 https://registry.npmjs.org/dotenv 704ms (cache miss)
17 silly packumentCache full:https://registry.npmjs.org/dotenv set size:undefined disposed:false
18 silly placeDep ROOT dotenv@17.2.1 OK for:  want: *
19 silly reify moves {}
20 silly audit bulk request {
20 silly audit   '@mongodb-js/saslprep': [ '1.3.0' ],
20 silly audit   '@types/webidl-conversions': [ '7.0.3' ],
20 silly audit   '@types/whatwg-url': [ '11.0.5' ],
20 silly audit   bson: [ '6.10.4' ],
20 silly audit   debug: [ '4.4.1' ],
20 silly audit   kareem: [ '2.6.3' ],
20 silly audit   'memory-pager': [ '1.5.0' ],
20 silly audit   mongodb: [ '6.18.0' ],
20 silly audit   'mongodb-connection-string-url': [ '3.0.2' ],
20 silly audit   mongoose: [ '8.17.2' ],
20 silly audit   mpath: [ '0.9.0' ],
20 silly audit   mquery: [ '5.0.0' ],
20 silly audit   ms: [ '2.1.3' ],
20 silly audit   punycode: [ '2.3.1' ],
20 silly audit   sift: [ '17.1.3' ],
20 silly audit   'sparse-bitfield': [ '3.0.3' ],
20 silly audit   tr46: [ '5.1.1' ],
20 silly audit   'webidl-conversions': [ '7.0.0' ],
20 silly audit   'whatwg-url': [ '14.2.0' ],
20 silly audit   dotenv: [ '17.2.1' ]
20 silly audit }
21 http cache dotenv@https://registry.npmjs.org/dotenv/-/dotenv-17.2.1.tgz 1ms (cache hit)
22 silly tarball no local data for dotenv@https://registry.npmjs.org/dotenv/-/dotenv-17.2.1.tgz. Extracting by manifest.
23 http fetch POST 200 https://registry.npmjs.org/-/npm/v1/security/advisories/bulk 357ms
24 silly audit report {}
25 http fetch GET 200 https://registry.npmjs.org/dotenv/-/dotenv-17.2.1.tgz 413ms (cache miss)
26 silly ADD node_modules/dotenv
27 verbose cwd C:\Users\hp\Desktop\Web-dev\mongoose
28 verbose os Windows_NT 10.0.26100
29 verbose node v22.16.0
30 verbose npm  v11.5.1
31 verbose exit 0
32 info ok
